2021-03-31 23:47:35.021  ERROR  [pool-2-thread-1]  Application                                        :  Unhandled: POST - /role
java.sql.SQLException: Field 'uri' doesn't have a default value
	at com.mysql.cj.jdbc.exceptions.SQLError.createSQLException(SQLError.java:129)
	at com.mysql.cj.jdbc.exceptions.SQLError.createSQLException(SQLError.java:97)
	at com.mysql.cj.jdbc.exceptions.SQLExceptionsMapping.translateException(SQLExceptionsMapping.java:122)
	at com.mysql.cj.jdbc.ClientPreparedStatement.executeInternal(ClientPreparedStatement.java:974)
	at com.mysql.cj.jdbc.ClientPreparedStatement.executeUpdateInternal(ClientPreparedStatement.java:1113)
	at com.mysql.cj.jdbc.ClientPreparedStatement.executeUpdateInternal(ClientPreparedStatement.java:1061)
	at com.mysql.cj.jdbc.ClientPreparedStatement.executeLargeUpdate(ClientPreparedStatement.java:1381)
	at com.mysql.cj.jdbc.ClientPreparedStatement.executeUpdate(ClientPreparedStatement.java:1046)
	at com.zaxxer.hikari.pool.ProxyPreparedStatement.executeUpdate(ProxyPreparedStatement.java:61)
	at com.zaxxer.hikari.pool.HikariProxyPreparedStatement.executeUpdate(HikariProxyPreparedStatement.java)
	at org.ktorm.database.Database.executeUpdate(Database.kt:436)
	at org.ktorm.support.mysql.InsertOrUpdateKt.insertOrUpdate(InsertOrUpdate.kt:85)
	at appshop.modules.sys.dao.AuthRoleDao.saveAndFlush(AuthRoleDao.kt:32)
	at appshop.modules.sys.service.impl.RoleServiceImpl.addRole(RoleServiceImpl.kt:45)
	at appshop.modules.sys.controller.RoleController$route$1$5.invokeSuspend(RoleController.kt:102)
	at kotlin.coroutines.jvm.internal.BaseContinuationImpl.resumeWith(ContinuationImpl.kt:33)
	at io.ktor.util.pipeline.SuspendFunctionGun.resumeRootWith(SuspendFunctionGun.kt:188)
	at io.ktor.util.pipeline.SuspendFunctionGun.loop(SuspendFunctionGun.kt:144)
	at io.ktor.util.pipeline.SuspendFunctionGun.access$loop(SuspendFunctionGun.kt:15)
	at io.ktor.util.pipeline.SuspendFunctionGun$continuation$1.resumeWith(SuspendFunctionGun.kt:90)
	at kotlin.coroutines.jvm.internal.BaseContinuationImpl.resumeWith(ContinuationImpl.kt:46)
	at kotlinx.coroutines.DispatchedTask.run(DispatchedTask.kt:106)
	at java.util.concurrent.Executors$RunnableAdapter.call(Executors.java:511)
	at java.util.concurrent.FutureTask.run(FutureTask.java:266)
	at java.util.concurrent.ScheduledThreadPoolExecutor$ScheduledFutureTask.access$201(ScheduledThreadPoolExecutor.java:180)
	at java.util.concurrent.ScheduledThreadPoolExecutor$ScheduledFutureTask.run(ScheduledThreadPoolExecutor.java:293)
	at java.util.concurrent.ThreadPoolExecutor.runWorker(ThreadPoolExecutor.java:1149)
	at java.util.concurrent.ThreadPoolExecutor$Worker.run(ThreadPoolExecutor.java:624)
	at java.lang.Thread.run(Thread.java:748)
2021-03-31 23:51:27.485  ERROR  [pool-2-thread-1]  Application                                        :  Unhandled: POST - /role
java.sql.SQLException: Field 'uri' doesn't have a default value
	at com.mysql.cj.jdbc.exceptions.SQLError.createSQLException(SQLError.java:129)
	at com.mysql.cj.jdbc.exceptions.SQLError.createSQLException(SQLError.java:97)
	at com.mysql.cj.jdbc.exceptions.SQLExceptionsMapping.translateException(SQLExceptionsMapping.java:122)
	at com.mysql.cj.jdbc.ClientPreparedStatement.executeInternal(ClientPreparedStatement.java:974)
	at com.mysql.cj.jdbc.ClientPreparedStatement.executeUpdateInternal(ClientPreparedStatement.java:1113)
	at com.mysql.cj.jdbc.ClientPreparedStatement.executeUpdateInternal(ClientPreparedStatement.java:1061)
	at com.mysql.cj.jdbc.ClientPreparedStatement.executeLargeUpdate(ClientPreparedStatement.java:1381)
	at com.mysql.cj.jdbc.ClientPreparedStatement.executeUpdate(ClientPreparedStatement.java:1046)
	at com.zaxxer.hikari.pool.ProxyPreparedStatement.executeUpdate(ProxyPreparedStatement.java:61)
	at com.zaxxer.hikari.pool.HikariProxyPreparedStatement.executeUpdate(HikariProxyPreparedStatement.java)
	at org.ktorm.database.Database.executeUpdate(Database.kt:436)
	at org.ktorm.support.mysql.InsertOrUpdateKt.insertOrUpdate(InsertOrUpdate.kt:85)
	at appshop.modules.sys.dao.AuthRoleDao.saveAndFlush(AuthRoleDao.kt:32)
	at appshop.modules.sys.service.impl.RoleServiceImpl.addRole(RoleServiceImpl.kt:45)
	at appshop.modules.sys.controller.RoleController$route$1$5.invokeSuspend(RoleController.kt:102)
	at kotlin.coroutines.jvm.internal.BaseContinuationImpl.resumeWith(ContinuationImpl.kt:33)
	at io.ktor.util.pipeline.SuspendFunctionGun.resumeRootWith(SuspendFunctionGun.kt:188)
	at io.ktor.util.pipeline.SuspendFunctionGun.loop(SuspendFunctionGun.kt:144)
	at io.ktor.util.pipeline.SuspendFunctionGun.access$loop(SuspendFunctionGun.kt:15)
	at io.ktor.util.pipeline.SuspendFunctionGun$continuation$1.resumeWith(SuspendFunctionGun.kt:90)
	at kotlin.coroutines.jvm.internal.BaseContinuationImpl.resumeWith(ContinuationImpl.kt:46)
	at kotlinx.coroutines.DispatchedTask.run(DispatchedTask.kt:106)
	at java.util.concurrent.Executors$RunnableAdapter.call(Executors.java:511)
	at java.util.concurrent.FutureTask.run$$$capture(FutureTask.java:266)
	at java.util.concurrent.FutureTask.run(FutureTask.java)
	at java.util.concurrent.ScheduledThreadPoolExecutor$ScheduledFutureTask.access$201(ScheduledThreadPoolExecutor.java:180)
	at java.util.concurrent.ScheduledThreadPoolExecutor$ScheduledFutureTask.run(ScheduledThreadPoolExecutor.java:293)
	at java.util.concurrent.ThreadPoolExecutor.runWorker(ThreadPoolExecutor.java:1149)
	at java.util.concurrent.ThreadPoolExecutor$Worker.run(ThreadPoolExecutor.java:624)
	at java.lang.Thread.run(Thread.java:748)
2021-03-31 23:52:34.874  ERROR  [pool-2-thread-1]  Application                                        :  Unhandled: POST - /role
java.sql.SQLException: Field 'uri' doesn't have a default value
	at com.mysql.cj.jdbc.exceptions.SQLError.createSQLException(SQLError.java:129)
	at com.mysql.cj.jdbc.exceptions.SQLError.createSQLException(SQLError.java:97)
	at com.mysql.cj.jdbc.exceptions.SQLExceptionsMapping.translateException(SQLExceptionsMapping.java:122)
	at com.mysql.cj.jdbc.ClientPreparedStatement.executeInternal(ClientPreparedStatement.java:974)
	at com.mysql.cj.jdbc.ClientPreparedStatement.executeUpdateInternal(ClientPreparedStatement.java:1113)
	at com.mysql.cj.jdbc.ClientPreparedStatement.executeUpdateInternal(ClientPreparedStatement.java:1061)
	at com.mysql.cj.jdbc.ClientPreparedStatement.executeLargeUpdate(ClientPreparedStatement.java:1381)
	at com.mysql.cj.jdbc.ClientPreparedStatement.executeUpdate(ClientPreparedStatement.java:1046)
	at com.zaxxer.hikari.pool.ProxyPreparedStatement.executeUpdate(ProxyPreparedStatement.java:61)
	at com.zaxxer.hikari.pool.HikariProxyPreparedStatement.executeUpdate(HikariProxyPreparedStatement.java)
	at org.ktorm.database.Database.executeUpdate(Database.kt:436)
	at org.ktorm.support.mysql.InsertOrUpdateKt.insertOrUpdate(InsertOrUpdate.kt:85)
	at appshop.modules.sys.dao.AuthRoleDao.saveAndFlush(AuthRoleDao.kt:32)
	at appshop.modules.sys.service.impl.RoleServiceImpl.addRole(RoleServiceImpl.kt:45)
	at appshop.modules.sys.controller.RoleController$route$1$5.invokeSuspend(RoleController.kt:102)
	at kotlin.coroutines.jvm.internal.BaseContinuationImpl.resumeWith(ContinuationImpl.kt:33)
	at io.ktor.util.pipeline.SuspendFunctionGun.resumeRootWith(SuspendFunctionGun.kt:188)
	at io.ktor.util.pipeline.SuspendFunctionGun.loop(SuspendFunctionGun.kt:144)
	at io.ktor.util.pipeline.SuspendFunctionGun.access$loop(SuspendFunctionGun.kt:15)
	at io.ktor.util.pipeline.SuspendFunctionGun$continuation$1.resumeWith(SuspendFunctionGun.kt:90)
	at kotlin.coroutines.jvm.internal.BaseContinuationImpl.resumeWith(ContinuationImpl.kt:46)
	at kotlinx.coroutines.DispatchedTask.run(DispatchedTask.kt:106)
	at java.util.concurrent.Executors$RunnableAdapter.call(Executors.java:511)
	at java.util.concurrent.FutureTask.run$$$capture(FutureTask.java:266)
	at java.util.concurrent.FutureTask.run(FutureTask.java)
	at java.util.concurrent.ScheduledThreadPoolExecutor$ScheduledFutureTask.access$201(ScheduledThreadPoolExecutor.java:180)
	at java.util.concurrent.ScheduledThreadPoolExecutor$ScheduledFutureTask.run(ScheduledThreadPoolExecutor.java:293)
	at java.util.concurrent.ThreadPoolExecutor.runWorker(ThreadPoolExecutor.java:1149)
	at java.util.concurrent.ThreadPoolExecutor$Worker.run(ThreadPoolExecutor.java:624)
	at java.lang.Thread.run(Thread.java:748)
2021-04-25 14:46:51.233  ERROR  [main           ]  com.zaxxer.hikari.pool.HikariPool                  :  HikariPool-1 - Exception during pool initialization.
java.sql.SQLSyntaxErrorException: Unknown database 'kotlin_user'
	at com.mysql.cj.jdbc.exceptions.SQLError.createSQLException(SQLError.java:120)
	at com.mysql.cj.jdbc.exceptions.SQLError.createSQLException(SQLError.java:97)
	at com.mysql.cj.jdbc.exceptions.SQLExceptionsMapping.translateException(SQLExceptionsMapping.java:122)
	at com.mysql.cj.jdbc.ConnectionImpl.createNewIO(ConnectionImpl.java:835)
	at com.mysql.cj.jdbc.ConnectionImpl.<init>(ConnectionImpl.java:455)
	at com.mysql.cj.jdbc.ConnectionImpl.getInstance(ConnectionImpl.java:240)
	at com.mysql.cj.jdbc.NonRegisteringDriver.connect(NonRegisteringDriver.java:207)
	at com.zaxxer.hikari.util.DriverDataSource.getConnection(DriverDataSource.java:138)
	at com.zaxxer.hikari.pool.PoolBase.newConnection(PoolBase.java:364)
	at com.zaxxer.hikari.pool.PoolBase.newPoolEntry(PoolBase.java:206)
	at com.zaxxer.hikari.pool.HikariPool.createPoolEntry(HikariPool.java:476)
	at com.zaxxer.hikari.pool.HikariPool.checkFailFast(HikariPool.java:561)
	at com.zaxxer.hikari.pool.HikariPool.<init>(HikariPool.java:115)
	at com.zaxxer.hikari.HikariDataSource.<init>(HikariDataSource.java:81)
	at appshop.util.DIconfigKt$connDI$1$1.invoke(DIconfig.kt:28)
	at appshop.util.DIconfigKt$connDI$1$1.invoke(DIconfig.kt)
	at org.kodein.di.bindings.Singleton$getFactory$1$1$1.invoke(standardBindings.kt:127)
	at org.kodein.di.bindings.Reference$Local$Companion.invoke$kodein_di(references.kt:16)
	at org.kodein.di.bindings.Strong$Companion.make(references.kt:31)
	at org.kodein.di.bindings.Singleton$getFactory$1$1.invoke(standardBindings.kt:127)
	at org.kodein.di.bindings.Singleton$getFactory$1$1.invoke(standardBindings.kt:96)
	at org.kodein.di.bindings.StandardScopeRegistry.getOrCreate(scopes.kt:64)
	at org.kodein.di.bindings.Singleton$getFactory$1.invoke(standardBindings.kt:127)
	at org.kodein.di.bindings.Singleton$getFactory$1.invoke(standardBindings.kt:96)
	at org.kodein.di.internal.DIContainerImpl$factory$1.invoke(DIContainerImpl.kt:160)
	at org.kodein.di.DIContainer$provider$$inlined$toProvider$1.invoke(curry.kt:14)
	at org.kodein.di.internal.DirectDIBaseImpl.Instance(DirectDIImpl.kt:30)
	at appshop.util.DIconfigKt$connDI$1$2.invoke(DIconfig.kt:55)
	at appshop.util.DIconfigKt$connDI$1$2.invoke(DIconfig.kt)
	at org.kodein.di.bindings.Singleton$getFactory$1$1$1.invoke(standardBindings.kt:127)
	at org.kodein.di.bindings.Reference$Local$Companion.invoke$kodein_di(references.kt:16)
	at org.kodein.di.bindings.Strong$Companion.make(references.kt:31)
	at org.kodein.di.bindings.Singleton$getFactory$1$1.invoke(standardBindings.kt:127)
	at org.kodein.di.bindings.Singleton$getFactory$1$1.invoke(standardBindings.kt:96)
	at org.kodein.di.bindings.StandardScopeRegistry.getOrCreate(scopes.kt:64)
	at org.kodein.di.bindings.Singleton$getFactory$1.invoke(standardBindings.kt:127)
	at org.kodein.di.bindings.Singleton$getFactory$1.invoke(standardBindings.kt:96)
	at org.kodein.di.internal.DIContainerImpl$factory$1.invoke(DIContainerImpl.kt:160)
	at org.kodein.di.DIContainer$provider$$inlined$toProvider$1.invoke(curry.kt:14)
	at org.kodein.di.internal.DirectDIBaseImpl.Instance(DirectDIImpl.kt:30)
	at appshop.util.DIconfigKt$db$2.invoke(DIconfig.kt:55)
	at appshop.util.DIconfigKt$db$2.invoke(DIconfig.kt)
	at org.kodein.di.DIAwareKt$newInstance$1.invoke(DIAware.kt:268)
	at org.kodein.di.DIAwareKt$newInstance$1.invoke(DIAware.kt)
	at org.kodein.di.DIProperty$provideDelegate$1.invoke(properties.kt:46)
	at kotlin.SynchronizedLazyImpl.getValue(LazyJVM.kt:74)
	at appshop.util.DIconfigKt.getDb(DIconfig.kt)
	at appshop.modules.sys.dao.AuthResourceDao.getEnableResource(AuthResourceDao.kt:23)
	at appshop.modules.sys.service.impl.ResourceServiceImpl.getAllEnableResourcePath(ResourceServiceImpl.kt:123)
	at appshop.util.DatabasePathTreeProvider.providePathData(SurenessConfig.kt:139)
	at com.usthe.sureness.matcher.DefaultPathRoleMatcher.buildTree(DefaultPathRoleMatcher.java:69)
	at appshop.util.Config$Companion.pathRoleMatcher(SurenessConfig.kt:88)
	at appshop.util.Config.<init>(SurenessConfig.kt:44)
	at appshop.util.SurenessConfigKt.SurenessConfig(SurenessConfig.kt:38)
	at appshop.AppRunKt.module(AppRun.kt:37)
	at java.base/jdk.internal.reflect.NativeMethodAccessorImpl.invoke0(Native Method)
	at java.base/jdk.internal.reflect.NativeMethodAccessorImpl.invoke(NativeMethodAccessorImpl.java:62)
	at java.base/jdk.internal.reflect.DelegatingMethodAccessorImpl.invoke(DelegatingMethodAccessorImpl.java:43)
	at java.base/java.lang.reflect.Method.invoke(Method.java:564)
	at kotlin.reflect.jvm.internal.calls.CallerImpl$Method.callMethod(CallerImpl.kt:97)
	at kotlin.reflect.jvm.internal.calls.CallerImpl$Method$Static.call(CallerImpl.kt:106)
	at kotlin.reflect.jvm.internal.KCallableImpl.call(KCallableImpl.kt:108)
	at kotlin.reflect.jvm.internal.KCallableImpl.callDefaultMethod$kotlin_reflection(KCallableImpl.kt:159)
	at kotlin.reflect.jvm.internal.KCallableImpl.callBy(KCallableImpl.kt:112)
	at io.ktor.server.engine.ApplicationEngineEnvironmentReloading.callFunctionWithInjection(ApplicationEngineEnvironmentReloading.kt:406)
	at io.ktor.server.engine.ApplicationEngineEnvironmentReloading.executeModuleFunction(ApplicationEngineEnvironmentReloading.kt:360)
	at io.ktor.server.engine.ApplicationEngineEnvironmentReloading.access$executeModuleFunction(ApplicationEngineEnvironmentReloading.kt:35)
	at io.ktor.server.engine.ApplicationEngineEnvironmentReloading$launchModuleByName$1.invoke(ApplicationEngineEnvironmentReloading.kt:311)
	at io.ktor.server.engine.ApplicationEngineEnvironmentReloading$launchModuleByName$1.invoke(ApplicationEngineEnvironmentReloading.kt:35)
	at io.ktor.server.engine.ApplicationEngineEnvironmentReloading.avoidingDoubleStartupFor(ApplicationEngineEnvironmentReloading.kt:335)
	at io.ktor.server.engine.ApplicationEngineEnvironmentReloading.launchModuleByName(ApplicationEngineEnvironmentReloading.kt:310)
	at io.ktor.server.engine.ApplicationEngineEnvironmentReloading.access$launchModuleByName(ApplicationEngineEnvironmentReloading.kt:35)
	at io.ktor.server.engine.ApplicationEngineEnvironmentReloading$instantiateAndConfigureApplication$1.invoke(ApplicationEngineEnvironmentReloading.kt:299)
	at io.ktor.server.engine.ApplicationEngineEnvironmentReloading$instantiateAndConfigureApplication$1.invoke(ApplicationEngineEnvironmentReloading.kt:35)
	at io.ktor.server.engine.ApplicationEngineEnvironmentReloading.avoidingDoubleStartup(ApplicationEngineEnvironmentReloading.kt:317)
	at io.ktor.server.engine.ApplicationEngineEnvironmentReloading.instantiateAndConfigureApplication(ApplicationEngineEnvironmentReloading.kt:297)
	at io.ktor.server.engine.ApplicationEngineEnvironmentReloading.createApplication(ApplicationEngineEnvironmentReloading.kt:138)
	at io.ktor.server.engine.ApplicationEngineEnvironmentReloading.start(ApplicationEngineEnvironmentReloading.kt:270)
	at io.ktor.server.tomcat.TomcatApplicationEngine.start(TomcatApplicationEngine.kt:118)
	at io.ktor.server.tomcat.EngineMain.main(EngineMain.kt:28)
	at appshop.AppRunKt.main(AppRun.kt:25)
